app/build/intermediates/manifest_merge_blame_file/debug/manifest-merger-blame-debug-report.txt
1<?xml version="1.0" encoding="utf-8"?>
2<manifest xmlns:android="http://schemas.android.com/apk/res/android"
3    package="com.touchizen.drawerwithbottomnavigation"
4    android:versionCode="1"
5    android:versionName="1.0" >
6
7    <uses-sdk
8        android:minSdkVersion="17"
8-->src\main\AndroidManifest.xml
9        android:targetSdkVersion="30" />
9-->src\main\AndroidManifest.xml
10
11    <uses-permission android:name="android.permission.INTERNET" />
11-->src\main\AndroidManifest.xml:5:5-67
11-->src\main\AndroidManifest.xml:5:22-64
12    <uses-permission android:name="android.permission.READ_EXTERNAL_STORAGE" />
12-->src\main\AndroidManifest.xml:6:5-80
12-->src\main\AndroidManifest.xml:6:22-77
13    <uses-permission android:name="android.permission.READ_INTERNAL_STORAGE" />
13-->src\main\AndroidManifest.xml:7:5-80
13-->src\main\AndroidManifest.xml:7:22-77
14    <uses-permission android:name="android.permission.ACCESS_NETWORK_STATE" />
14-->src\main\AndroidManifest.xml:8:5-79
14-->src\main\AndroidManifest.xml:8:22-76
15    <uses-permission android:name="android.permission.WRITE_EXTERNAL_STORAGE" />
15-->src\main\AndroidManifest.xml:9:5-81
15-->src\main\AndroidManifest.xml:9:22-78
16    <uses-permission android:name="android.permission.CAMERA" />
16-->src\main\AndroidManifest.xml:10:5-65
16-->src\main\AndroidManifest.xml:10:22-62
17
18    <application
18-->src\main\AndroidManifest.xml:12:5-268:19
19        android:allowBackup="true"
19-->src\main\AndroidManifest.xml:13:9-35
20        android:appComponentFactory="androidx.core.app.CoreComponentFactory"
20-->[androidx.core:core:1.3.1] AndroidManifest.xml:24:18-86
21        android:debuggable="true"
22        android:icon="@mipmap/ic_launcher"
22-->src\main\AndroidManifest.xml:14:9-43
23        android:label="@string/app_name"
23-->src\main\AndroidManifest.xml:15:9-41
24        android:roundIcon="@mipmap/ic_launcher_round"
24-->src\main\AndroidManifest.xml:16:9-54
25        android:supportsRtl="true"
25-->src\main\AndroidManifest.xml:17:9-35
26        android:testOnly="true"
27        android:theme="@style/AppTheme" >
27-->src\main\AndroidManifest.xml:18:9-40
28        <activity
28-->src\main\AndroidManifest.xml:19:9-21:40
29            android:name="com.touchizen.drawerwithbottomnavigation.complaints.ComplaintCardActivity"
29-->src\main\AndroidManifest.xml:20:13-61
30            android:exported="false" />
30-->src\main\AndroidManifest.xml:21:13-37
31        <activity
31-->src\main\AndroidManifest.xml:22:9-24:40
32            android:name="com.touchizen.drawerwithbottomnavigation.parking.G_BLOCK"
32-->src\main\AndroidManifest.xml:23:13-44
33            android:exported="false" />
33-->src\main\AndroidManifest.xml:24:13-37
34        <activity
34-->src\main\AndroidManifest.xml:25:9-27:40
35            android:name="com.touchizen.drawerwithbottomnavigation.parking.F_BLOCK"
35-->src\main\AndroidManifest.xml:26:13-44
36            android:exported="false" />
36-->src\main\AndroidManifest.xml:27:13-37
37        <activity
37-->src\main\AndroidManifest.xml:28:9-30:40
38            android:name="com.touchizen.drawerwithbottomnavigation.parking.E_BLOCK"
38-->src\main\AndroidManifest.xml:29:13-44
39            android:exported="false" />
39-->src\main\AndroidManifest.xml:30:13-37
40        <activity
40-->src\main\AndroidManifest.xml:31:9-33:40
41            android:name="com.touchizen.drawerwithbottomnavigation.parking.D_BLOCK"
41-->src\main\AndroidManifest.xml:32:13-44
42            android:exported="false" />
42-->src\main\AndroidManifest.xml:33:13-37
43        <activity
43-->src\main\AndroidManifest.xml:34:9-36:40
44            android:name="com.touchizen.drawerwithbottomnavigation.parking.C_BLOCK"
44-->src\main\AndroidManifest.xml:35:13-44
45            android:exported="false" />
45-->src\main\AndroidManifest.xml:36:13-37
46        <activity
46-->src\main\AndroidManifest.xml:37:9-41:69
47            android:name="com.touchizen.drawerwithbottomnavigation.parking.B_BLOCK"
47-->src\main\AndroidManifest.xml:38:13-44
48            android:exported="false"
48-->src\main\AndroidManifest.xml:39:13-37
49            android:label="A Block"
49-->src\main\AndroidManifest.xml:40:13-36
50            android:parentActivityName="com.touchizen.drawerwithbottomnavigation.parking.Request_Parking" />
50-->src\main\AndroidManifest.xml:41:13-66
51        <activity
51-->src\main\AndroidManifest.xml:42:9-46:69
52            android:name="com.touchizen.drawerwithbottomnavigation.parking.A_BLOCK"
52-->src\main\AndroidManifest.xml:43:13-44
53            android:exported="false"
53-->src\main\AndroidManifest.xml:44:13-37
54            android:label="B Block"
54-->src\main\AndroidManifest.xml:45:13-36
55            android:parentActivityName="com.touchizen.drawerwithbottomnavigation.parking.Request_Parking" />
55-->src\main\AndroidManifest.xml:46:13-66
56        <activity
56-->src\main\AndroidManifest.xml:47:9-52:52
57            android:name="com.touchizen.drawerwithbottomnavigation.SettingActivity"
57-->src\main\AndroidManifest.xml:48:13-44
58            android:exported="false"
58-->src\main\AndroidManifest.xml:49:13-37
59            android:label="Setting"
59-->src\main\AndroidManifest.xml:50:13-36
60            android:parentActivityName="com.touchizen.drawerwithbottomnavigation.ContactTeamCardActivity"
60-->src\main\AndroidManifest.xml:51:13-66
61            android:screenOrientation="portrait" />
61-->src\main\AndroidManifest.xml:52:13-49
62        <activity
62-->src\main\AndroidManifest.xml:53:9-58:52
63            android:name="com.touchizen.drawerwithbottomnavigation.Add_books_market"
63-->src\main\AndroidManifest.xml:54:13-45
64            android:exported="false"
64-->src\main\AndroidManifest.xml:55:13-37
65            android:label="Add Book"
65-->src\main\AndroidManifest.xml:56:13-37
66            android:parentActivityName="com.touchizen.drawerwithbottomnavigation.MarketplaceCardActivity"
66-->src\main\AndroidManifest.xml:57:13-66
67            android:screenOrientation="portrait" />
67-->src\main\AndroidManifest.xml:58:13-49
68        <activity
68-->src\main\AndroidManifest.xml:59:9-64:52
69            android:name="com.touchizen.drawerwithbottomnavigation.Add_sports_market"
69-->src\main\AndroidManifest.xml:60:13-46
70            android:exported="false"
70-->src\main\AndroidManifest.xml:61:13-37
71            android:label="Add Sports"
71-->src\main\AndroidManifest.xml:62:13-39
72            android:parentActivityName="com.touchizen.drawerwithbottomnavigation.MarketplaceCardActivity"
72-->src\main\AndroidManifest.xml:63:13-66
73            android:screenOrientation="portrait" />
73-->src\main\AndroidManifest.xml:64:13-49
74        <activity
74-->src\main\AndroidManifest.xml:65:9-70:52
75            android:name="com.touchizen.drawerwithbottomnavigation.Add_pets_market"
75-->src\main\AndroidManifest.xml:66:13-44
76            android:exported="false"
76-->src\main\AndroidManifest.xml:67:13-37
77            android:label="Add Pets"
77-->src\main\AndroidManifest.xml:68:13-37
78            android:parentActivityName="com.touchizen.drawerwithbottomnavigation.MarketplaceCardActivity"
78-->src\main\AndroidManifest.xml:69:13-66
79            android:screenOrientation="portrait" />
79-->src\main\AndroidManifest.xml:70:13-49
80        <activity
80-->src\main\AndroidManifest.xml:71:9-76:52
81            android:name="com.touchizen.drawerwithbottomnavigation.Add_fashion_market"
81-->src\main\AndroidManifest.xml:72:13-47
82            android:exported="false"
82-->src\main\AndroidManifest.xml:73:13-37
83            android:label="Add Fashion"
83-->src\main\AndroidManifest.xml:74:13-40
84            android:parentActivityName="com.touchizen.drawerwithbottomnavigation.MarketplaceCardActivity"
84-->src\main\AndroidManifest.xml:75:13-66
85            android:screenOrientation="portrait" />
85-->src\main\AndroidManifest.xml:76:13-49
86        <activity
86-->src\main\AndroidManifest.xml:77:9-82:52
87            android:name="com.touchizen.drawerwithbottomnavigation.Add_bikes_marekt"
87-->src\main\AndroidManifest.xml:78:13-45
88            android:exported="false"
88-->src\main\AndroidManifest.xml:79:13-37
89            android:label="Add Bikes"
89-->src\main\AndroidManifest.xml:80:13-38
90            android:parentActivityName="com.touchizen.drawerwithbottomnavigation.MarketplaceCardActivity"
90-->src\main\AndroidManifest.xml:81:13-66
91            android:screenOrientation="portrait" />
91-->src\main\AndroidManifest.xml:82:13-49
92        <activity
92-->src\main\AndroidManifest.xml:83:9-88:52
93            android:name="com.touchizen.drawerwithbottomnavigation.Add_mobile_market"
93-->src\main\AndroidManifest.xml:84:13-46
94            android:exported="false"
94-->src\main\AndroidManifest.xml:85:13-37
95            android:label="Add Mobile"
95-->src\main\AndroidManifest.xml:86:13-39
96            android:parentActivityName="com.touchizen.drawerwithbottomnavigation.MarketplaceCardActivity"
96-->src\main\AndroidManifest.xml:87:13-66
97            android:screenOrientation="portrait" />
97-->src\main\AndroidManifest.xml:88:13-49
98        <activity
98-->src\main\AndroidManifest.xml:89:9-94:52
99            android:name="com.touchizen.drawerwithbottomnavigation.Add_cars_market"
99-->src\main\AndroidManifest.xml:90:13-44
100            android:exported="false"
100-->src\main\AndroidManifest.xml:91:13-37
101            android:label="Add Cars"
101-->src\main\AndroidManifest.xml:92:13-37
102            android:parentActivityName="com.touchizen.drawerwithbottomnavigation.MarketplaceCardActivity"
102-->src\main\AndroidManifest.xml:93:13-66
103            android:screenOrientation="portrait" />
103-->src\main\AndroidManifest.xml:94:13-49
104        <activity
104-->src\main\AndroidManifest.xml:95:9-100:52
105            android:name="com.touchizen.drawerwithbottomnavigation.Add_furniture_market"
105-->src\main\AndroidManifest.xml:96:13-49
106            android:exported="false"
106-->src\main\AndroidManifest.xml:97:13-37
107            android:label="Add Furniture"
107-->src\main\AndroidManifest.xml:98:13-42
108            android:parentActivityName="com.touchizen.drawerwithbottomnavigation.MarketplaceCardActivity"
108-->src\main\AndroidManifest.xml:99:13-66
109            android:screenOrientation="portrait" />
109-->src\main\AndroidManifest.xml:100:13-49
110        <activity
110-->src\main\AndroidManifest.xml:101:9-106:52
111            android:name="com.touchizen.drawerwithbottomnavigation.Add_tennis_court"
111-->src\main\AndroidManifest.xml:102:13-45
112            android:exported="false"
112-->src\main\AndroidManifest.xml:103:13-37
113            android:label="Add Tennis Court facility"
113-->src\main\AndroidManifest.xml:104:13-54
114            android:parentActivityName="com.touchizen.drawerwithbottomnavigation.FacilitiesCardActivity"
114-->src\main\AndroidManifest.xml:105:13-65
115            android:screenOrientation="portrait" />
115-->src\main\AndroidManifest.xml:106:13-49
116        <activity
116-->src\main\AndroidManifest.xml:107:9-112:52
117            android:name="com.touchizen.drawerwithbottomnavigation.add_theator_activity"
117-->src\main\AndroidManifest.xml:108:13-49
118            android:exported="false"
118-->src\main\AndroidManifest.xml:109:13-37
119            android:label="Add Theator facility"
119-->src\main\AndroidManifest.xml:110:13-49
120            android:parentActivityName="com.touchizen.drawerwithbottomnavigation.FacilitiesCardActivity"
120-->src\main\AndroidManifest.xml:111:13-65
121            android:screenOrientation="portrait" />
121-->src\main\AndroidManifest.xml:112:13-49
122        <activity
122-->src\main\AndroidManifest.xml:113:9-118:52
123            android:name="com.touchizen.drawerwithbottomnavigation.Add_library_facility"
123-->src\main\AndroidManifest.xml:114:13-49
124            android:exported="false"
124-->src\main\AndroidManifest.xml:115:13-37
125            android:label="Add Library facility"
125-->src\main\AndroidManifest.xml:116:13-49
126            android:parentActivityName="com.touchizen.drawerwithbottomnavigation.FacilitiesCardActivity"
126-->src\main\AndroidManifest.xml:117:13-65
127            android:screenOrientation="portrait" />
127-->src\main\AndroidManifest.xml:118:13-49
128        <activity
128-->src\main\AndroidManifest.xml:119:9-124:52
129            android:name="com.touchizen.drawerwithbottomnavigation.parking.Request_Parking"
129-->src\main\AndroidManifest.xml:120:13-52
130            android:exported="false"
130-->src\main\AndroidManifest.xml:121:13-37
131            android:label="Request Parking"
131-->src\main\AndroidManifest.xml:122:13-44
132            android:parentActivityName="com.touchizen.drawerwithbottomnavigation.VisitorsCardActivity"
132-->src\main\AndroidManifest.xml:123:13-63
133            android:screenOrientation="portrait" />
133-->src\main\AndroidManifest.xml:124:13-49
134        <activity
134-->src\main\AndroidManifest.xml:125:9-130:52
135            android:name="com.touchizen.drawerwithbottomnavigation.DeliverAddVisitor"
135-->src\main\AndroidManifest.xml:126:13-46
136            android:exported="false"
136-->src\main\AndroidManifest.xml:127:13-37
137            android:label="Delivery Add Visitor"
137-->src\main\AndroidManifest.xml:128:13-49
138            android:parentActivityName="com.touchizen.drawerwithbottomnavigation.VisitorsCardActivity"
138-->src\main\AndroidManifest.xml:129:13-63
139            android:screenOrientation="portrait" />
139-->src\main\AndroidManifest.xml:130:13-49
140        <activity
140-->src\main\AndroidManifest.xml:131:9-136:52
141            android:name="com.touchizen.drawerwithbottomnavigation.Autocabvisitor"
141-->src\main\AndroidManifest.xml:132:13-43
142            android:exported="false"
142-->src\main\AndroidManifest.xml:133:13-37
143            android:label="Autocab Visitor"
143-->src\main\AndroidManifest.xml:134:13-44
144            android:parentActivityName="com.touchizen.drawerwithbottomnavigation.VisitorsCardActivity"
144-->src\main\AndroidManifest.xml:135:13-63
145            android:screenOrientation="portrait" />
145-->src\main\AndroidManifest.xml:136:13-49
146        <activity
146-->src\main\AndroidManifest.xml:137:9-142:52
147            android:name="com.touchizen.drawerwithbottomnavigation.ExceptedVisitor"
147-->src\main\AndroidManifest.xml:138:13-44
148            android:exported="false"
148-->src\main\AndroidManifest.xml:139:13-37
149            android:label="Expected Visitor"
149-->src\main\AndroidManifest.xml:140:13-45
150            android:parentActivityName="com.touchizen.drawerwithbottomnavigation.VisitorsCardActivity"
150-->src\main\AndroidManifest.xml:141:13-63
151            android:screenOrientation="portrait" />
151-->src\main\AndroidManifest.xml:142:13-49
152        <activity
152-->src\main\AndroidManifest.xml:143:9-148:52
153            android:name="com.touchizen.drawerwithbottomnavigation.DailyVisitorPage"
153-->src\main\AndroidManifest.xml:144:13-45
154            android:exported="false"
154-->src\main\AndroidManifest.xml:145:13-37
155            android:label="Expected Visitor"
155-->src\main\AndroidManifest.xml:146:13-45
156            android:parentActivityName="com.touchizen.drawerwithbottomnavigation.VisitorsCardActivity"
156-->src\main\AndroidManifest.xml:147:13-63
157            android:screenOrientation="portrait" />
157-->src\main\AndroidManifest.xml:148:13-49
158        <activity
158-->src\main\AndroidManifest.xml:149:9-154:52
159            android:name="com.touchizen.drawerwithbottomnavigation.add_common_plot"
159-->src\main\AndroidManifest.xml:150:13-44
160            android:exported="false"
160-->src\main\AndroidManifest.xml:151:13-37
161            android:label="Add CommonPlot facility"
161-->src\main\AndroidManifest.xml:152:13-52
162            android:parentActivityName="com.touchizen.drawerwithbottomnavigation.FacilitiesCardActivity"
162-->src\main\AndroidManifest.xml:153:13-65
163            android:screenOrientation="portrait" />
163-->src\main\AndroidManifest.xml:154:13-49
164        <activity
164-->src\main\AndroidManifest.xml:155:9-160:52
165            android:name="com.touchizen.drawerwithbottomnavigation.add_game_zone_facilities"
165-->src\main\AndroidManifest.xml:156:13-53
166            android:exported="false"
166-->src\main\AndroidManifest.xml:157:13-37
167            android:label="Add GameZone facility"
167-->src\main\AndroidManifest.xml:158:13-50
168            android:parentActivityName="com.touchizen.drawerwithbottomnavigation.FacilitiesCardActivity"
168-->src\main\AndroidManifest.xml:159:13-65
169            android:screenOrientation="portrait" />
169-->src\main\AndroidManifest.xml:160:13-49
170        <activity
170-->src\main\AndroidManifest.xml:161:9-166:52
171            android:name="com.touchizen.drawerwithbottomnavigation.add_auditarium"
171-->src\main\AndroidManifest.xml:162:13-43
172            android:exported="false"
172-->src\main\AndroidManifest.xml:163:13-37
173            android:label="Add Auditorium facility"
173-->src\main\AndroidManifest.xml:164:13-52
174            android:parentActivityName="com.touchizen.drawerwithbottomnavigation.FacilitiesCardActivity"
174-->src\main\AndroidManifest.xml:165:13-65
175            android:screenOrientation="portrait" />
175-->src\main\AndroidManifest.xml:166:13-49
176        <activity
176-->src\main\AndroidManifest.xml:167:9-172:52
177            android:name="com.touchizen.drawerwithbottomnavigation.add_gym_facility"
177-->src\main\AndroidManifest.xml:168:13-45
178            android:exported="false"
178-->src\main\AndroidManifest.xml:169:13-37
179            android:label="Add GYM facility"
179-->src\main\AndroidManifest.xml:170:13-45
180            android:parentActivityName="com.touchizen.drawerwithbottomnavigation.FacilitiesCardActivity"
180-->src\main\AndroidManifest.xml:171:13-65
181            android:screenOrientation="portrait" />
181-->src\main\AndroidManifest.xml:172:13-49
182        <activity
182-->src\main\AndroidManifest.xml:173:9-178:52
183            android:name="com.touchizen.drawerwithbottomnavigation.add_garden_facility"
183-->src\main\AndroidManifest.xml:174:13-48
184            android:exported="false"
184-->src\main\AndroidManifest.xml:175:13-37
185            android:label="Add Garden facility"
185-->src\main\AndroidManifest.xml:176:13-48
186            android:parentActivityName="com.touchizen.drawerwithbottomnavigation.FacilitiesCardActivity"
186-->src\main\AndroidManifest.xml:177:13-65
187            android:screenOrientation="portrait" />
187-->src\main\AndroidManifest.xml:178:13-49
188        <activity
188-->src\main\AndroidManifest.xml:179:9-184:52
189            android:name="com.touchizen.drawerwithbottomnavigation.complaints.Complain_add"
189-->src\main\AndroidManifest.xml:180:13-52
190            android:exported="false"
190-->src\main\AndroidManifest.xml:181:13-37
191            android:label="Complain Add"
191-->src\main\AndroidManifest.xml:182:13-41
192            android:parentActivityName="com.touchizen.drawerwithbottomnavigation.complaints.Complain_add$ComplaintCardActivity"
192-->src\main\AndroidManifest.xml:183:13-88
193            android:screenOrientation="portrait" />
193-->src\main\AndroidManifest.xml:184:13-49
194        <activity
194-->src\main\AndroidManifest.xml:185:9-190:52
195            android:name="com.touchizen.drawerwithbottomnavigation.ContactTeamCardActivity"
195-->src\main\AndroidManifest.xml:186:13-52
196            android:exported="false"
196-->src\main\AndroidManifest.xml:187:13-37
197            android:label="Contact Team"
197-->src\main\AndroidManifest.xml:188:13-41
198            android:parentActivityName="com.touchizen.drawerwithbottomnavigation.MainActivity"
198-->src\main\AndroidManifest.xml:189:13-55
199            android:screenOrientation="portrait" />
199-->src\main\AndroidManifest.xml:190:13-49
200        <activity
200-->src\main\AndroidManifest.xml:191:9-196:52
201            android:name="com.touchizen.drawerwithbottomnavigation.GalleryCardActivity"
201-->src\main\AndroidManifest.xml:192:13-48
202            android:exported="false"
202-->src\main\AndroidManifest.xml:193:13-37
203            android:label="Gallary"
203-->src\main\AndroidManifest.xml:194:13-36
204            android:parentActivityName="com.touchizen.drawerwithbottomnavigation.MainActivity"
204-->src\main\AndroidManifest.xml:195:13-55
205            android:screenOrientation="portrait" />
205-->src\main\AndroidManifest.xml:196:13-49
206        <activity
206-->src\main\AndroidManifest.xml:197:9-202:52
207            android:name="com.touchizen.drawerwithbottomnavigation.MyProfileCardActivity"
207-->src\main\AndroidManifest.xml:198:13-50
208            android:exported="false"
208-->src\main\AndroidManifest.xml:199:13-37
209            android:label="My Profile"
209-->src\main\AndroidManifest.xml:200:13-39
210            android:parentActivityName="com.touchizen.drawerwithbottomnavigation.MainActivity"
210-->src\main\AndroidManifest.xml:201:13-55
211            android:screenOrientation="portrait" />
211-->src\main\AndroidManifest.xml:202:13-49
212        <activity
212-->src\main\AndroidManifest.xml:203:9-208:52
213            android:name="com.touchizen.drawerwithbottomnavigation.MarketplaceCardActivity"
213-->src\main\AndroidManifest.xml:204:13-52
214            android:exported="false"
214-->src\main\AndroidManifest.xml:205:13-37
215            android:label="Market Place"
215-->src\main\AndroidManifest.xml:206:13-41
216            android:parentActivityName="com.touchizen.drawerwithbottomnavigation.MainActivity"
216-->src\main\AndroidManifest.xml:207:13-55
217            android:screenOrientation="portrait" />
217-->src\main\AndroidManifest.xml:208:13-49
218        <activity
218-->src\main\AndroidManifest.xml:209:9-214:52
219            android:name="com.touchizen.drawerwithbottomnavigation.SosCardActivity"
219-->src\main\AndroidManifest.xml:210:13-44
220            android:exported="false"
220-->src\main\AndroidManifest.xml:211:13-37
221            android:label="SOS"
221-->src\main\AndroidManifest.xml:212:13-32
222            android:parentActivityName="com.touchizen.drawerwithbottomnavigation.MainActivity"
222-->src\main\AndroidManifest.xml:213:13-55
223            android:screenOrientation="portrait" />
223-->src\main\AndroidManifest.xml:214:13-49
224        <activity
224-->src\main\AndroidManifest.xml:215:9-220:52
225            android:name="com.touchizen.drawerwithbottomnavigation.ServiceProviderCardActivity"
225-->src\main\AndroidManifest.xml:216:13-56
226            android:exported="false"
226-->src\main\AndroidManifest.xml:217:13-37
227            android:label="Service Provider"
227-->src\main\AndroidManifest.xml:218:13-45
228            android:parentActivityName="com.touchizen.drawerwithbottomnavigation.MainActivity"
228-->src\main\AndroidManifest.xml:219:13-55
229            android:screenOrientation="portrait" />
229-->src\main\AndroidManifest.xml:220:13-49
230        <activity
230-->src\main\AndroidManifest.xml:221:9-226:52
231            android:name="com.touchizen.drawerwithbottomnavigation.EmergencyNumberCardActivity"
231-->src\main\AndroidManifest.xml:222:13-56
232            android:exported="false"
232-->src\main\AndroidManifest.xml:223:13-37
233            android:label="Emergency Numbers"
233-->src\main\AndroidManifest.xml:224:13-46
234            android:parentActivityName="com.touchizen.drawerwithbottomnavigation.MainActivity"
234-->src\main\AndroidManifest.xml:225:13-55
235            android:screenOrientation="portrait" />
235-->src\main\AndroidManifest.xml:226:13-49
236        <activity
236-->src\main\AndroidManifest.xml:227:9-232:52
237            android:name="com.touchizen.drawerwithbottomnavigation.FacilitiesCardActivity"
237-->src\main\AndroidManifest.xml:228:13-51
238            android:exported="false"
238-->src\main\AndroidManifest.xml:229:13-37
239            android:label="Facilities"
239-->src\main\AndroidManifest.xml:230:13-39
240            android:parentActivityName="com.touchizen.drawerwithbottomnavigation.MainActivity"
240-->src\main\AndroidManifest.xml:231:13-55
241            android:screenOrientation="portrait" />
241-->src\main\AndroidManifest.xml:232:13-49
242        <activity
242-->src\main\AndroidManifest.xml:233:9-238:52
243            android:name="com.touchizen.drawerwithbottomnavigation.complaints.Complain_add$ComplaintCardActivity"
243-->src\main\AndroidManifest.xml:234:13-74
244            android:exported="false"
244-->src\main\AndroidManifest.xml:235:13-37
245            android:label="Complaints"
245-->src\main\AndroidManifest.xml:236:13-39
246            android:parentActivityName="com.touchizen.drawerwithbottomnavigation.MainActivity"
246-->src\main\AndroidManifest.xml:237:13-55
247            android:screenOrientation="portrait" />
247-->src\main\AndroidManifest.xml:238:13-49
248        <activity
248-->src\main\AndroidManifest.xml:239:9-244:52
249            android:name="com.touchizen.drawerwithbottomnavigation.ParkingCardActivity"
249-->src\main\AndroidManifest.xml:240:13-48
250            android:exported="false"
250-->src\main\AndroidManifest.xml:241:13-37
251            android:label="Parking"
251-->src\main\AndroidManifest.xml:242:13-36
252            android:parentActivityName="com.touchizen.drawerwithbottomnavigation.MainActivity"
252-->src\main\AndroidManifest.xml:243:13-55
253            android:screenOrientation="portrait" />
253-->src\main\AndroidManifest.xml:244:13-49
254        <activity
254-->src\main\AndroidManifest.xml:245:9-250:52
255            android:name="com.touchizen.drawerwithbottomnavigation.VisitorsCardActivity"
255-->src\main\AndroidManifest.xml:246:13-49
256            android:exported="false"
256-->src\main\AndroidManifest.xml:247:13-37
257            android:label="Visitor"
257-->src\main\AndroidManifest.xml:248:13-36
258            android:parentActivityName="com.touchizen.drawerwithbottomnavigation.MainActivity"
258-->src\main\AndroidManifest.xml:249:13-55
259            android:screenOrientation="portrait" />
259-->src\main\AndroidManifest.xml:250:13-49
260        <activity
260-->src\main\AndroidManifest.xml:251:9-256:52
261            android:name="com.touchizen.drawerwithbottomnavigation.MemberCardActivity"
261-->src\main\AndroidManifest.xml:252:13-47
262            android:exported="false"
262-->src\main\AndroidManifest.xml:253:13-37
263            android:label="Members"
263-->src\main\AndroidManifest.xml:254:13-36
264            android:parentActivityName="com.touchizen.drawerwithbottomnavigation.MainActivity"
264-->src\main\AndroidManifest.xml:255:13-55
265            android:screenOrientation="portrait" />
265-->src\main\AndroidManifest.xml:256:13-49
266        <activity
266-->src\main\AndroidManifest.xml:257:9-267:20
267            android:name="com.touchizen.drawerwithbottomnavigation.MainActivity"
267-->src\main\AndroidManifest.xml:258:13-41
268            android:label="@string/app_name"
268-->src\main\AndroidManifest.xml:259:13-45
269            android:screenOrientation="portrait"
269-->src\main\AndroidManifest.xml:260:13-49
270            android:theme="@style/AppTheme.NoActionBar" >
270-->src\main\AndroidManifest.xml:261:13-56
271            <intent-filter>
271-->src\main\AndroidManifest.xml:262:13-266:29
272                <action android:name="android.intent.action.MAIN" />
272-->src\main\AndroidManifest.xml:263:17-69
272-->src\main\AndroidManifest.xml:263:25-66
273
274                <category android:name="android.intent.category.LAUNCHER" />
274-->src\main\AndroidManifest.xml:265:17-77
274-->src\main\AndroidManifest.xml:265:27-74
275            </intent-filter>
276        </activity>
277
278        <service
278-->[com.google.firebase:firebase-database:20.0.3] AndroidManifest.xml:29:9-35:19
279            android:name="com.google.firebase.components.ComponentDiscoveryService"
279-->[com.google.firebase:firebase-database:20.0.3] AndroidManifest.xml:30:13-84
280            android:directBootAware="true"
280-->[com.google.firebase:firebase-common:20.0.0] AndroidManifest.xml:35:13-43
281            android:exported="false" >
281-->[com.google.firebase:firebase-database:20.0.3] AndroidManifest.xml:31:13-37
282            <meta-data
282-->[com.google.firebase:firebase-database:20.0.3] AndroidManifest.xml:32:13-34:85
283                android:name="com.google.firebase.components:com.google.firebase.database.DatabaseRegistrar"
283-->[com.google.firebase:firebase-database:20.0.3] AndroidManifest.xml:33:17-109
284                android:value="com.google.firebase.components.ComponentRegistrar" />
284-->[com.google.firebase:firebase-database:20.0.3] AndroidManifest.xml:34:17-82
285            <meta-data
285-->[com.google.firebase:firebase-storage:20.0.0] AndroidManifest.xml:33:13-35:85
286                android:name="com.google.firebase.components:com.google.firebase.storage.StorageRegistrar"
286-->[com.google.firebase:firebase-storage:20.0.0] AndroidManifest.xml:34:17-107
287                android:value="com.google.firebase.components.ComponentRegistrar" />
287-->[com.google.firebase:firebase-storage:20.0.0] AndroidManifest.xml:35:17-82
288        </service>
289
290        <provider
290-->[com.google.firebase:firebase-common:20.0.0] AndroidManifest.xml:26:9-31:39
291            android:name="com.google.firebase.provider.FirebaseInitProvider"
291-->[com.google.firebase:firebase-common:20.0.0] AndroidManifest.xml:27:13-77
292            android:authorities="com.touchizen.drawerwithbottomnavigation.firebaseinitprovider"
292-->[com.google.firebase:firebase-common:20.0.0] AndroidManifest.xml:28:13-72
293            android:directBootAware="true"
293-->[com.google.firebase:firebase-common:20.0.0] AndroidManifest.xml:29:13-43
294            android:exported="false"
294-->[com.google.firebase:firebase-common:20.0.0] AndroidManifest.xml:30:13-37
295            android:initOrder="100" />